[2014-05-09 00:52:25] rocketeer.INFO: ["git --version"] [] []
[2014-05-09 00:52:25] rocketeer.INFO: git version 1.7.9.5 [] []
[2014-05-09 00:52:25] rocketeer.INFO: ["ls \/home\/www\/rocketeer\/releases"] [] []
[2014-05-09 00:52:25] rocketeer.INFO: ["ls: cannot access \/home\/www\/rocketeer\/releases: No such file or directory"] [] []
[2014-05-09 00:52:25] rocketeer.INFO: ["ls \/home\/www\/rocketeer\/releases"] [] []
[2014-05-09 00:52:25] rocketeer.INFO: ["ls: cannot access \/home\/www\/rocketeer\/releases: No such file or directory"] [] []
[2014-05-09 00:52:26] rocketeer.INFO: ["which composer"] [] []
[2014-05-09 00:52:26] rocketeer.INFO:  [] []
[2014-05-09 00:52:26] rocketeer.INFO: ["which \/home\/www\/rocketeer\/releases\/\/composer.phar"] [] []
[2014-05-09 00:52:26] rocketeer.INFO:  [] []
[2014-05-09 00:52:33] rocketeer.INFO: ["which php"] [] []
[2014-05-09 00:52:33] rocketeer.INFO: /usr/bin/php [] []
[2014-05-09 00:52:33] rocketeer.INFO: ["\/usr\/bin\/php -m"] [] []
[2014-05-09 00:52:33] rocketeer.INFO: {"0":"[PHP Modules]","1":"bcmath","2":"bz2","3":"calendar","4":"Core","5":"ctype","6":"date","7":"dba","8":"dom","9":"ereg","10":"exif","11":"fileinfo","12":"filter","13":"ftp","14":"gd","15":"gettext","16":"hash","17":"iconv","18":"json","19":"libxml","20":"mbstring","21":"mcrypt","22":"mhash","23":"mysql","24":"mysqli","25":"openssl","26":"pcntl","27":"pcre","28":"PDO","29":"pdo_mysql","30":"Phar","31":"posix","32":"readline","33":"Reflection","34":"session","35":"shmop","36":"SimpleXML","37":"soap","38":"sockets","39":"SPL","40":"standard","41":"sysvmsg","42":"sysvsem","43":"sysvshm","44":"tokenizer","45":"wddx","46":"xml","47":"xmlreader","48":"xmlwriter","49":"zip","50":"zlib","52":"[Zend Modules]"} [] []
[2014-05-09 00:52:33] rocketeer.INFO: ["ls \/home\/www\/rocketeer\/releases"] [] []
[2014-05-09 00:52:33] rocketeer.INFO: ["ls: cannot access \/home\/www\/rocketeer\/releases: No such file or directory"] [] []
[2014-05-09 00:52:34] rocketeer.INFO: ["ls \/home\/www\/rocketeer\/releases"] [] []
[2014-05-09 00:52:34] rocketeer.INFO: ["ls: cannot access \/home\/www\/rocketeer\/releases: No such file or directory"] [] []
[2014-05-09 00:52:34] rocketeer.INFO: ["git clone --depth 1 -b master \"git@github.com:yingles\/rocketeer.git\" \/home\/www\/rocketeer\/releases\/20140509005233"] [] []
[2014-05-09 00:52:34] rocketeer.INFO: Cloning into '/home/www/rocketeer/releases/20140509005233'...
warning: You appear to have cloned an empty repository. [] []
[2014-05-09 00:52:35] rocketeer.INFO: ["ls \/home\/www\/rocketeer\/releases"] [] []
[2014-05-09 00:52:35] rocketeer.INFO: ["20140509005233"] [] []
[2014-05-09 00:52:35] rocketeer.INFO: ["cd \/home\/www\/rocketeer\/releases\/20140509005233","git submodule update --init --recursive"] [] []
[2014-05-09 00:52:35] rocketeer.INFO:  [] []
[2014-05-09 00:52:35] rocketeer.INFO: ["ls \/home\/www\/rocketeer\/releases"] [] []
[2014-05-09 00:52:35] rocketeer.INFO: ["20140509005233"] [] []
[2014-05-09 00:52:35] rocketeer.INFO: ["which composer"] [] []
[2014-05-09 00:52:35] rocketeer.INFO:  [] []
[2014-05-09 00:52:35] rocketeer.INFO: ["which \/home\/www\/rocketeer\/releases\/20140509005233\/composer.phar"] [] []
[2014-05-09 00:52:35] rocketeer.INFO:  [] []
[2014-05-09 00:56:23] rocketeer.INFO: ["git --version"] [] []
[2014-05-09 00:56:23] rocketeer.INFO: git version 1.7.9.5 [] []
[2014-05-09 00:56:23] rocketeer.INFO: ["ls \/home\/www\/rocketeer\/releases"] [] []
[2014-05-09 00:56:23] rocketeer.INFO: ["20140509005233"] [] []
[2014-05-09 00:56:23] rocketeer.INFO: ["which composer"] [] []
[2014-05-09 00:56:23] rocketeer.INFO:  [] []
[2014-05-09 00:56:23] rocketeer.INFO: ["which \/home\/www\/rocketeer\/releases\/20140509005233\/composer.phar"] [] []
[2014-05-09 00:56:23] rocketeer.INFO:  [] []
[2014-05-09 00:58:12] rocketeer.INFO: ["git --version"] [] []
[2014-05-09 00:58:12] rocketeer.INFO: git version 1.7.9.5 [] []
[2014-05-09 00:58:12] rocketeer.INFO: ["ls \/home\/www\/rocketeer\/releases"] [] []
[2014-05-09 00:58:12] rocketeer.INFO: ["20140509005233"] [] []
[2014-05-09 00:58:12] rocketeer.INFO: ["which composer"] [] []
[2014-05-09 00:58:12] rocketeer.INFO:  [] []
[2014-05-09 00:58:12] rocketeer.INFO: ["which \/home\/www\/rocketeer\/releases\/20140509005233\/composer.phar"] [] []
[2014-05-09 00:58:12] rocketeer.INFO:  [] []
[2014-05-09 01:01:27] rocketeer.INFO: ["git --version"] [] []
[2014-05-09 01:01:27] rocketeer.INFO: git version 1.7.9.5 [] []
[2014-05-09 01:01:27] rocketeer.INFO: ["ls \/home\/www\/rocketeer\/releases"] [] []
[2014-05-09 01:01:27] rocketeer.INFO: ["20140509005233"] [] []
[2014-05-09 01:01:27] rocketeer.INFO: ["which composer"] [] []
[2014-05-09 01:01:27] rocketeer.INFO:  [] []
[2014-05-09 01:01:27] rocketeer.INFO: ["which \/home\/www\/rocketeer\/releases\/20140509005233\/composer.phar"] [] []
[2014-05-09 01:01:27] rocketeer.INFO:  [] []
[2014-05-09 01:06:01] rocketeer.INFO: ["git --version"] [] []
[2014-05-09 01:06:01] rocketeer.INFO: git version 1.7.9.5 [] []
[2014-05-09 01:06:01] rocketeer.INFO: ["ls \/home\/www\/rocketeer\/releases"] [] []
[2014-05-09 01:06:01] rocketeer.INFO: ["20140509005233"] [] []
[2014-05-09 01:06:01] rocketeer.INFO: ["ls \/home\/www\/rocketeer\/releases"] [] []
[2014-05-09 01:06:01] rocketeer.INFO: ["20140509005233"] [] []
[2014-05-09 01:06:01] rocketeer.INFO: ["which composer"] [] []
[2014-05-09 01:06:01] rocketeer.INFO:  [] []
[2014-05-09 01:06:02] rocketeer.INFO: ["which \/home\/www\/rocketeer\/releases\/20140509005233\/composer.phar"] [] []
[2014-05-09 01:06:02] rocketeer.INFO:  [] []
[2014-05-09 01:06:34] rocketeer.INFO: ["which php"] [] []
[2014-05-09 01:06:34] rocketeer.INFO: /usr/bin/php [] []
[2014-05-09 01:06:34] rocketeer.INFO: ["\/usr\/bin\/php -m"] [] []
[2014-05-09 01:06:34] rocketeer.INFO: {"0":"[PHP Modules]","1":"bcmath","2":"bz2","3":"calendar","4":"Core","5":"ctype","6":"date","7":"dba","8":"dom","9":"ereg","10":"exif","11":"fileinfo","12":"filter","13":"ftp","14":"gd","15":"gettext","16":"hash","17":"iconv","18":"json","19":"libxml","20":"mbstring","21":"mcrypt","22":"mhash","23":"mysql","24":"mysqli","25":"openssl","26":"pcntl","27":"pcre","28":"PDO","29":"pdo_mysql","30":"Phar","31":"posix","32":"readline","33":"Reflection","34":"session","35":"shmop","36":"SimpleXML","37":"soap","38":"sockets","39":"SPL","40":"standard","41":"sysvmsg","42":"sysvsem","43":"sysvshm","44":"tokenizer","45":"wddx","46":"xml","47":"xmlreader","48":"xmlwriter","49":"zip","50":"zlib","52":"[Zend Modules]"} [] []
[2014-05-09 01:06:34] rocketeer.INFO: ["mkdir \/home\/www\/rocketeer\/"] [] []
[2014-05-09 01:06:34] rocketeer.INFO: mkdir: cannot create directory `/home/www/rocketeer/': File exists [] []
[2014-05-09 01:06:34] rocketeer.INFO: ["mkdir -p \/home\/www\/rocketeer\/releases"] [] []
[2014-05-09 01:06:34] rocketeer.INFO:  [] []
[2014-05-09 01:06:35] rocketeer.INFO: ["mkdir -p \/home\/www\/rocketeer\/current"] [] []
[2014-05-09 01:06:35] rocketeer.INFO:  [] []
[2014-05-09 01:06:35] rocketeer.INFO: ["mkdir -p \/home\/www\/rocketeer\/shared"] [] []
[2014-05-09 01:06:35] rocketeer.INFO:  [] []
[2014-05-09 01:09:56] rocketeer.INFO: ["git --version"] [] []
[2014-05-09 01:09:56] rocketeer.INFO: git version 1.7.9.5 [] []
[2014-05-09 01:09:57] rocketeer.INFO: ["ls \/var\/www\/rocketeer.jasonyingling.me\/releases"] [] []
[2014-05-09 01:09:57] rocketeer.INFO: ["ls: cannot access \/var\/www\/rocketeer.jasonyingling.me\/releases: No such file or directory"] [] []
[2014-05-09 01:09:57] rocketeer.INFO: ["ls \/var\/www\/rocketeer.jasonyingling.me\/releases"] [] []
[2014-05-09 01:09:57] rocketeer.INFO: ["ls: cannot access \/var\/www\/rocketeer.jasonyingling.me\/releases: No such file or directory"] [] []
[2014-05-09 01:09:57] rocketeer.INFO: ["which composer"] [] []
[2014-05-09 01:09:57] rocketeer.INFO:  [] []
[2014-05-09 01:09:57] rocketeer.INFO: ["which \/var\/www\/rocketeer.jasonyingling.me\/releases\/\/composer.phar"] [] []
[2014-05-09 01:09:57] rocketeer.INFO:  [] []
[2014-05-09 01:10:01] rocketeer.INFO: ["which php"] [] []
[2014-05-09 01:10:01] rocketeer.INFO: /usr/bin/php [] []
[2014-05-09 01:10:01] rocketeer.INFO: ["\/usr\/bin\/php -m"] [] []
[2014-05-09 01:10:01] rocketeer.INFO: {"0":"[PHP Modules]","1":"bcmath","2":"bz2","3":"calendar","4":"Core","5":"ctype","6":"date","7":"dba","8":"dom","9":"ereg","10":"exif","11":"fileinfo","12":"filter","13":"ftp","14":"gd","15":"gettext","16":"hash","17":"iconv","18":"json","19":"libxml","20":"mbstring","21":"mcrypt","22":"mhash","23":"mysql","24":"mysqli","25":"openssl","26":"pcntl","27":"pcre","28":"PDO","29":"pdo_mysql","30":"Phar","31":"posix","32":"readline","33":"Reflection","34":"session","35":"shmop","36":"SimpleXML","37":"soap","38":"sockets","39":"SPL","40":"standard","41":"sysvmsg","42":"sysvsem","43":"sysvshm","44":"tokenizer","45":"wddx","46":"xml","47":"xmlreader","48":"xmlwriter","49":"zip","50":"zlib","52":"[Zend Modules]"} [] []
[2014-05-09 01:10:02] rocketeer.INFO: ["mkdir \/var\/www\/rocketeer.jasonyingling.me\/"] [] []
[2014-05-09 01:10:02] rocketeer.INFO:  [] []
[2014-05-09 01:10:02] rocketeer.INFO: ["mkdir -p \/var\/www\/rocketeer.jasonyingling.me\/releases"] [] []
[2014-05-09 01:10:02] rocketeer.INFO:  [] []
[2014-05-09 01:10:02] rocketeer.INFO: ["mkdir -p \/var\/www\/rocketeer.jasonyingling.me\/current"] [] []
[2014-05-09 01:10:02] rocketeer.INFO:  [] []
[2014-05-09 01:10:02] rocketeer.INFO: ["mkdir -p \/var\/www\/rocketeer.jasonyingling.me\/shared"] [] []
[2014-05-09 01:10:02] rocketeer.INFO:  [] []
[2014-05-09 01:10:53] rocketeer.INFO: ["ls \/var\/www\/rocketeer.jasonyingling.me\/releases"] [] []
[2014-05-09 01:10:53] rocketeer.INFO: [] [] []
[2014-05-09 01:10:53] rocketeer.INFO: ["ls \/var\/www\/rocketeer.jasonyingling.me\/releases"] [] []
[2014-05-09 01:10:53] rocketeer.INFO: [] [] []
[2014-05-09 01:10:54] rocketeer.INFO: ["git clone --depth 1 -b master \"git@github.com:yingles\/rocketeer.git\" \/var\/www\/rocketeer.jasonyingling.me\/releases\/20140509011053"] [] []
[2014-05-09 01:10:54] rocketeer.INFO: Cloning into '/var/www/rocketeer.jasonyingling.me/releases/20140509011053'...
warning: You appear to have cloned an empty repository. [] []
[2014-05-09 01:10:54] rocketeer.INFO: ["ls \/var\/www\/rocketeer.jasonyingling.me\/releases"] [] []
[2014-05-09 01:10:54] rocketeer.INFO: ["20140509011053"] [] []
[2014-05-09 01:10:55] rocketeer.INFO: ["cd \/var\/www\/rocketeer.jasonyingling.me\/releases\/20140509011053","git submodule update --init --recursive"] [] []
[2014-05-09 01:10:55] rocketeer.INFO:  [] []
[2014-05-09 01:10:55] rocketeer.INFO: ["ls \/var\/www\/rocketeer.jasonyingling.me\/releases"] [] []
[2014-05-09 01:10:55] rocketeer.INFO: ["20140509011053"] [] []
[2014-05-09 01:10:56] rocketeer.INFO: ["ls \/var\/www\/rocketeer.jasonyingling.me\/releases"] [] []
[2014-05-09 01:10:56] rocketeer.INFO: ["20140509011053"] [] []
[2014-05-09 01:10:56] rocketeer.INFO: ["ls \/var\/www\/rocketeer.jasonyingling.me\/releases"] [] []
[2014-05-09 01:10:56] rocketeer.INFO: ["20140509011053"] [] []
[2014-05-09 01:10:56] rocketeer.INFO: ["ls \/var\/www\/rocketeer.jasonyingling.me\/releases"] [] []
[2014-05-09 01:10:56] rocketeer.INFO: ["20140509011053"] [] []
[2014-05-09 01:10:57] rocketeer.INFO: ["cd \/var\/www\/rocketeer.jasonyingling.me\/releases\/20140509011053","chmod -R 755 \/var\/www\/rocketeer.jasonyingling.me\/releases\/20140509011053\/app\/database\/production.sqlite","chmod -R g+s \/var\/www\/rocketeer.jasonyingling.me\/releases\/20140509011053\/app\/database\/production.sqlite","chown -R www-data:www-data \/var\/www\/rocketeer.jasonyingling.me\/releases\/20140509011053\/app\/database\/production.sqlite"] [] []
[2014-05-09 01:10:57] rocketeer.INFO: chmod: cannot access `/var/www/rocketeer.jasonyingling.me/releases/20140509011053/app/database/production.sqlite': No such file or directory [] []
[2014-05-09 01:10:57] rocketeer.INFO: ["ls \/var\/www\/rocketeer.jasonyingling.me\/releases"] [] []
[2014-05-09 01:10:57] rocketeer.INFO: ["20140509011053"] [] []
[2014-05-09 01:10:57] rocketeer.INFO: ["ls \/var\/www\/rocketeer.jasonyingling.me\/releases"] [] []
[2014-05-09 01:10:57] rocketeer.INFO: ["20140509011053"] [] []
[2014-05-09 01:10:57] rocketeer.INFO: ["cd \/var\/www\/rocketeer.jasonyingling.me\/releases\/20140509011053","chmod -R 755 \/var\/www\/rocketeer.jasonyingling.me\/releases\/20140509011053\/","chmod -R g+s \/var\/www\/rocketeer.jasonyingling.me\/releases\/20140509011053\/","chown -R www-data:www-data \/var\/www\/rocketeer.jasonyingling.me\/releases\/20140509011053\/"] [] []
[2014-05-09 01:10:57] rocketeer.INFO:  [] []
[2014-05-09 01:10:58] rocketeer.INFO: ["ls \/var\/www\/rocketeer.jasonyingling.me\/releases"] [] []
[2014-05-09 01:10:58] rocketeer.INFO: ["20140509011053"] [] []
[2014-05-09 01:10:58] rocketeer.INFO: ["ls \/var\/www\/rocketeer.jasonyingling.me\/releases"] [] []
[2014-05-09 01:10:58] rocketeer.INFO: ["20140509011053"] [] []
[2014-05-09 01:10:58] rocketeer.INFO: ["cd \/var\/www\/rocketeer.jasonyingling.me\/releases\/20140509011053","chmod -R 755 \/var\/www\/rocketeer.jasonyingling.me\/releases\/20140509011053\/","chmod -R g+s \/var\/www\/rocketeer.jasonyingling.me\/releases\/20140509011053\/","chown -R www-data:www-data \/var\/www\/rocketeer.jasonyingling.me\/releases\/20140509011053\/"] [] []
[2014-05-09 01:10:58] rocketeer.INFO:  [] []
[2014-05-09 01:10:58] rocketeer.INFO: ["ls \/var\/www\/rocketeer.jasonyingling.me\/releases"] [] []
[2014-05-09 01:10:58] rocketeer.INFO: ["20140509011053"] [] []
[2014-05-09 01:10:59] rocketeer.INFO: ["mv \/var\/www\/rocketeer.jasonyingling.me\/releases\/20140509011053\/\/logs \/var\/www\/rocketeer.jasonyingling.me\/shared\/\/logs"] [] []
[2014-05-09 01:10:59] rocketeer.INFO: mv: cannot stat `/var/www/rocketeer.jasonyingling.me/releases/20140509011053//logs': No such file or directory [] []
[2014-05-09 01:10:59] rocketeer.INFO: ["ls \/var\/www\/rocketeer.jasonyingling.me\/releases"] [] []
[2014-05-09 01:10:59] rocketeer.INFO: ["20140509011053"] [] []
[2014-05-09 01:11:00] rocketeer.INFO: ["mv \/var\/www\/rocketeer.jasonyingling.me\/releases\/20140509011053\/\/sessions \/var\/www\/rocketeer.jasonyingling.me\/shared\/\/sessions"] [] []
[2014-05-09 01:11:00] rocketeer.INFO: mv: cannot stat `/var/www/rocketeer.jasonyingling.me/releases/20140509011053//sessions': No such file or directory [] []
[2014-05-09 01:11:01] rocketeer.INFO: ["ls \/var\/www\/rocketeer.jasonyingling.me\/releases"] [] []
[2014-05-09 01:11:01] rocketeer.INFO: ["20140509011053"] [] []
[2014-05-09 01:11:01] rocketeer.INFO: ["rm -rf \/var\/www\/rocketeer.jasonyingling.me\/current"] [] []
[2014-05-09 01:11:01] rocketeer.INFO:  [] []
[2014-05-09 01:11:01] rocketeer.INFO: ["ln -s \/var\/www\/rocketeer.jasonyingling.me\/releases\/20140509011053 \/var\/www\/rocketeer.jasonyingling.me\/current"] [] []
[2014-05-09 01:11:01] rocketeer.INFO:  [] []
[2014-05-09 01:11:01] rocketeer.INFO: ["ls \/var\/www\/rocketeer.jasonyingling.me\/releases"] [] []
[2014-05-09 01:11:01] rocketeer.INFO: ["20140509011053"] [] []
[2014-05-09 01:11:02] rocketeer.INFO: ["ls \/var\/www\/rocketeer.jasonyingling.me\/releases"] [] []
[2014-05-09 01:11:02] rocketeer.INFO: ["20140509011053"] [] []
[2014-05-09 01:11:02] rocketeer.INFO: ["ls \/var\/www\/rocketeer.jasonyingling.me\/releases"] [] []
[2014-05-09 01:11:02] rocketeer.INFO: ["20140509011053"] [] []
[2014-05-09 01:11:02] rocketeer.INFO: ["ls \/var\/www\/rocketeer.jasonyingling.me\/releases"] [] []
[2014-05-09 01:11:02] rocketeer.INFO: ["20140509011053"] [] []
