[2014-04-29 03:41:48] rocketeer.INFO: ["git --version"] [] []
[2014-04-29 03:41:48] rocketeer.INFO: bash: git: command not found [] []
[2014-04-29 03:41:48] rocketeer.INFO: ["ls \/home\/www\/rocketeer\/releases"] [] []
[2014-04-29 03:41:48] rocketeer.INFO: ["ls: cannot access \/home\/www\/rocketeer\/releases: No such file or directory"] [] []
[2014-04-29 03:41:48] rocketeer.INFO: ["ls \/home\/www\/rocketeer\/releases"] [] []
[2014-04-29 03:41:48] rocketeer.INFO: ["ls: cannot access \/home\/www\/rocketeer\/releases: No such file or directory"] [] []
[2014-04-29 03:41:48] rocketeer.INFO: ["which composer"] [] []
[2014-04-29 03:41:48] rocketeer.INFO:  [] []
[2014-04-29 03:41:48] rocketeer.INFO: ["which \/home\/www\/rocketeer\/releases\/\/composer.phar"] [] []
[2014-04-29 03:41:48] rocketeer.INFO:  [] []
[2014-04-29 03:42:03] rocketeer.INFO: ["which php"] [] []
[2014-04-29 03:42:03] rocketeer.INFO: /usr/bin/php [] []
[2014-04-29 03:42:04] rocketeer.INFO: ["\/usr\/bin\/php -m"] [] []
[2014-04-29 03:42:04] rocketeer.INFO: {"0":"[PHP Modules]","1":"bcmath","2":"bz2","3":"calendar","4":"Core","5":"ctype","6":"date","7":"dba","8":"dom","9":"ereg","10":"exif","11":"fileinfo","12":"filter","13":"ftp","14":"gd","15":"gettext","16":"hash","17":"iconv","18":"json","19":"libxml","20":"mbstring","21":"mcrypt","22":"mhash","23":"mysql","24":"mysqli","25":"openssl","26":"pcntl","27":"pcre","28":"PDO","29":"pdo_mysql","30":"Phar","31":"posix","32":"readline","33":"Reflection","34":"session","35":"shmop","36":"SimpleXML","37":"soap","38":"sockets","39":"SPL","40":"standard","41":"sysvmsg","42":"sysvsem","43":"sysvshm","44":"tokenizer","45":"wddx","46":"xml","47":"xmlreader","48":"xmlwriter","49":"zip","50":"zlib","52":"[Zend Modules]"} [] []
[2014-04-29 03:42:04] rocketeer.INFO: ["ls \/home\/www\/rocketeer\/releases"] [] []
[2014-04-29 03:42:04] rocketeer.INFO: ["ls: cannot access \/home\/www\/rocketeer\/releases: No such file or directory"] [] []
[2014-04-29 03:42:04] rocketeer.INFO: ["ls \/home\/www\/rocketeer\/releases"] [] []
[2014-04-29 03:42:04] rocketeer.INFO: ["ls: cannot access \/home\/www\/rocketeer\/releases: No such file or directory"] [] []
[2014-04-29 03:42:04] rocketeer.INFO: ["git clone --depth 1 -b master \"\" \/home\/www\/rocketeer\/releases\/20140429034204"] [] []
[2014-04-29 03:42:04] rocketeer.INFO: bash: git: command not found [] []
[2014-04-29 03:45:06] rocketeer.INFO: ["git --version"] [] []
[2014-04-29 03:45:06] rocketeer.INFO: bash: git: command not found [] []
[2014-04-29 03:45:06] rocketeer.INFO: ["ls \/home\/www\/rocketeer\/releases"] [] []
[2014-04-29 03:45:06] rocketeer.INFO: ["ls: cannot access \/home\/www\/rocketeer\/releases: No such file or directory"] [] []
[2014-04-29 03:45:06] rocketeer.INFO: ["which composer"] [] []
[2014-04-29 03:45:06] rocketeer.INFO:  [] []
[2014-04-29 03:45:06] rocketeer.INFO: ["which \/home\/www\/rocketeer\/releases\/20140429034204\/composer.phar"] [] []
[2014-04-29 03:45:06] rocketeer.INFO:  [] []
[2014-04-29 03:45:14] rocketeer.INFO: ["\/usr\/bin\/php -m"] [] []
[2014-04-29 03:45:14] rocketeer.INFO: {"0":"[PHP Modules]","1":"bcmath","2":"bz2","3":"calendar","4":"Core","5":"ctype","6":"date","7":"dba","8":"dom","9":"ereg","10":"exif","11":"fileinfo","12":"filter","13":"ftp","14":"gd","15":"gettext","16":"hash","17":"iconv","18":"json","19":"libxml","20":"mbstring","21":"mcrypt","22":"mhash","23":"mysql","24":"mysqli","25":"openssl","26":"pcntl","27":"pcre","28":"PDO","29":"pdo_mysql","30":"Phar","31":"posix","32":"readline","33":"Reflection","34":"session","35":"shmop","36":"SimpleXML","37":"soap","38":"sockets","39":"SPL","40":"standard","41":"sysvmsg","42":"sysvsem","43":"sysvshm","44":"tokenizer","45":"wddx","46":"xml","47":"xmlreader","48":"xmlwriter","49":"zip","50":"zlib","52":"[Zend Modules]"} [] []
